2020-01-16 13:22:17|   0.0|  0.0|INFORM|6>   START - ProcessID: 7632, peak process memory usage: 30656 kB, current process memory usage: 30560 kB
2020-01-16 13:22:17|   0.0|  0.0|INFORM|6>   FME Configuration: Command line arguments are `C:\Program Files\FME\fmeworker' `C:\Users\spyrosoft\AppData\Local\Temp\childProcMap157918093740_7752.fme' `LOG_STANDARDOUT' `YES' `-WORKER_CAPABILITY' `15L1123U58L95U7' `LOG_FILENAME' `C:\Users\spyrosoft\Desktop\OS\Repository\tileconverter\MapTilesConverter_ffs\MapTilesConverter_6.log' `-LOG_PREPEND_ID' `6' `--SOURCE_PORT_OUT' `50185' `--SOURCE_PORT_IN' `50184'
2020-01-16 13:22:17|   0.0|  0.0|INFORM|6>   FME Configuration: Connection Storage: 'C:\Users\spyrosoft\AppData\Roaming\Safe Software\FME\'
2020-01-16 13:22:17|   0.2|  0.1|INFORM|6>   System Status: 361.12 GB of disk space available in the FME temporary folder (C:\Users\spyrosoft\AppData\Local\Temp)
2020-01-16 13:22:17|   0.2|  0.0|INFORM|6>   System Status: 128.00 TB of virtual memory available
2020-01-16 13:22:17|   0.2|  0.0|INFORM|6>   FME Configuration: Process limit is 128.00 GB of physical memory
2020-01-16 13:22:17|   0.2|  0.0|INFORM|6>   FME Configuration: Start freeing memory when process usage exceeds 384.00 GB of virtual memory
2020-01-16 13:22:17|   0.2|  0.0|INFORM|6>   FME Configuration: Stop freeing memory when process usage is below 288.00 GB of virtual memory
2020-01-16 13:22:17|   0.2|  0.1|INFORM|6>   Creating writer for format: NULL (Nothing)
2020-01-16 13:22:17|   0.2|  0.0|INFORM|6>   Trying to find a DYNAMIC plugin for writer named `NULL'
2020-01-16 13:22:17|   0.2|  0.0|INFORM|6>   Loaded module 'NULL' from file 'C:\Program Files\FME\plugins/NULL.dll'
2020-01-16 13:22:17|   0.2|  0.0|INFORM|6>   FME API version of module 'NULL' matches current internal version (3.8 20190820)
2020-01-16 13:22:17|   0.2|  0.0|INFORM|6>   Creating reader for format: NULL (Nothing)
2020-01-16 13:22:17|   0.2|  0.0|INFORM|6>   Trying to find a DYNAMIC plugin for reader named `NULL'
2020-01-16 13:22:17|   0.2|  0.0|INFORM|6>   FME API version of module 'NULL' matches current internal version (3.8 20190820)
2020-01-16 13:22:17|   0.3|  0.0|INFORM|6>   ... Last line repeated 2 times ...
2020-01-16 13:22:17|   0.3|  0.0|INFORM|6>   Loaded module 'TransporterFactory' from file 'C:\Program Files\FME\plugins/TransporterFactory.dll'
2020-01-16 13:22:18|   0.9|  0.7|INFORM|6>   FME API version of module 'TransporterFactory' matches current internal version (3.8 20190820)
2020-01-16 13:22:18|   0.9|  0.0|INFORM|6>   TransporterReceiver (TransporterFactory): Attempting to connect to host 'localhost' on port '50184'
2020-01-16 13:22:18|   0.9|  0.0|INFORM|6>   TransporterReceiver (TransporterFactory): Successfully connected to host 'localhost' on port '50184'
2020-01-16 13:22:18|   0.9|  0.0|INFORM|6>   Loaded module 'LogCount_func' from file 'C:\Program Files\FME\plugins/LogCount_func.dll'
2020-01-16 13:22:18|   0.9|  0.0|INFORM|6>   FME API version of module 'LogCount_func' matches current internal version (3.8 20190820)
2020-01-16 13:22:18|   1.0|  0.1|INFORM|6>   FME API version of module 'TransporterFactory' matches current internal version (3.8 20190820)
2020-01-16 13:22:18|   1.0|  0.0|INFORM|6>   TransporterSender (TransporterFactory): Attempting to connect to host 'localhost' on port '50185'
2020-01-16 13:22:18|   1.0|  0.0|INFORM|6>   TransporterSender (TransporterFactory): Successfully connected to host 'localhost' on port '50185'
2020-01-16 13:22:18|   1.0|  0.0|INFORM|6>   Emptying factory pipeline
2020-01-16 13:22:18|   1.0|  0.0|INFORM|6>   Restoring definition of coordinate system `SPHERICAL_MERCATOR' from feature file `'
2020-01-16 13:22:18|   1.0|  0.0|INFORM|6>   Coordinate System `SPHERICAL_MERCATOR' parameters: CS_NAME=`SPHERICAL_MERCATOR' DESC_NM=`Spherical Mercator' DT_NAME=`WGS84_SPHERICAL' GROUP=`WORLD' MAP_SCL=`1' MAX_LAT=`85' MAX_LNG=`180' MIN_LAT=`-85' MIN_LNG=`-180' PROJ=`MRCAT' QUAD=`1' SCL_RED=`1' SOURCE=`Safe Software' UNIT=`METER'
2020-01-16 13:22:19|   1.3|  0.3|INFORM|6>   Creating writer for format: 
2020-01-16 13:22:19|   1.3|  0.0|INFORM|6>   Using MultiWriter with keyword `ConcurrentFeatureWriter_FeatureWriter_2' to output data (ID_ATTRIBUTE is `multi_writer_id')
2020-01-16 13:22:19|   1.5|  0.1|INFORM|6>   Creating writer for format: PNG (Portable Network Graphics)
2020-01-16 13:22:19|   1.5|  0.0|INFORM|6>   Trying to find a DYNAMIC plugin for writer named `PNGRASTER'
2020-01-16 13:22:19|   1.5|  0.0|INFORM|6>   Loaded module 'PNGRASTER' from file 'C:\Program Files\FME\plugins/gdal/GDAL.dll'
2020-01-16 13:22:19|   1.5|  0.0|INFORM|6>   FME API version of module 'PNGRASTER' matches current internal version (3.8 20190820)
2020-01-16 13:22:19|   1.5|  0.0|INFORM|6>   FME Configuration: Destination coordinate system set to `EPSG:3857'
2020-01-16 13:22:19|   1.5|  0.0|INFORM|6>   Coordinate System `EPSG:3857' parameters: CS_NAME=`SPHERICAL_MERCATOR' DESC_NM=`Spherical Mercator' DT_NAME=`WGS84_SPHERICAL' GROUP=`WORLD' MAP_SCL=`1' MAX_LAT=`85' MAX_LNG=`180' MIN_LAT=`-85' MIN_LNG=`-180' PROJ=`MRCAT' QUAD=`1' SCL_RED=`1' SOURCE=`Safe Software' UNIT=`METER'
2020-01-16 13:22:19|   1.5|  0.0|INFORM|6>   FME API version of module 'PNGRASTER' matches current internal version (3.8 20190820)
2020-01-16 13:22:19|   1.5|  0.0|INFORM|6>   Writer `ConcurrentFeatureWriter_FeatureWriter_2_0' of type `PNGRASTER' using group definition keyword `ConcurrentFeatureWriter_FeatureWriter_2_0_DEF'
2020-01-16 13:22:19|   1.5|  0.0|INFORM|6>   FME API version of module 'PNGRASTER' matches current internal version (3.8 20190820)
2020-01-16 13:23:14|   6.5|  4.9|INFORM|6>   TransporterReceiver (TransporterFactory): Shutting down transporter for host 'localhost' on port '50184'
2020-01-16 13:23:14|   6.5|  0.0|INFORM|6>   TransporterReceiver (TransporterFactory): Successfully shut down transporter for host 'localhost' on port '50184'
2020-01-16 13:23:14|   6.5|  0.0|STATS |6>   TransporterReceiver (TransporterFactory): Received 242 features
2020-01-16 13:23:14|   6.5|  0.0|STATS |6>   ConcurrentFeatureWriter_Input1579178756 Input Splitter (TeeFactory): Cloned 242 input feature(s) into 242 output feature(s)
2020-01-16 13:23:14|   6.5|  0.0|STATS |6>   ConcurrentFeatureWriter_Input Feature Counter 0 5 (TeeFactory): Cloned 242 input feature(s) into 242 output feature(s)
2020-01-16 13:23:14|   6.5|  0.0|INFORM|6>   =-=-=-=-=-=-=-=-=-=-=-=-=-=-=-=-=-=-=-=-=-=-=-=-=-=-=-=-=-=-=-=-=-=-=-=-=-=-=-
2020-01-16 13:23:14|   6.5|  0.0|INFORM|6>   Feature output statistics for `PNGRASTER' writer using keyword `ConcurrentFeatureWriter_FeatureWriter_2_0':
2020-01-16 13:23:14|   6.5|  0.0|STATS |6>   =-=-=-=-=-=-=-=-=-=-=-=-=-=-=-=-=-=-=-=-=-=-=-=-=-=-=-=-=-=-=-=-=-=-=-=-=-=-=-
2020-01-16 13:23:14|   6.5|  0.0|STATS |6>                                  Features Written
2020-01-16 13:23:14|   6.5|  0.0|STATS |6>   =-=-=-=-=-=-=-=-=-=-=-=-=-=-=-=-=-=-=-=-=-=-=-=-=-=-=-=-=-=-=-=-=-=-=-=-=-=-=-
2020-01-16 13:23:14|   6.5|  0.0|STATS |6>   1152                                                                         1
2020-01-16 13:23:14|   6.5|  0.0|STATS |6>   1153                                                                         1
2020-01-16 13:23:14|   6.5|  0.0|STATS |6>   1154                                                                         1
2020-01-16 13:23:14|   6.5|  0.0|STATS |6>   1155                                                                         1
2020-01-16 13:23:14|   6.5|  0.0|STATS |6>   1156                                                                         1
2020-01-16 13:23:14|   6.5|  0.0|STATS |6>   1157                                                                         1
2020-01-16 13:23:14|   6.5|  0.0|STATS |6>   1158                                                                         1
2020-01-16 13:23:14|   6.5|  0.0|STATS |6>   1159                                                                         1
2020-01-16 13:23:14|   6.5|  0.0|STATS |6>   1160                                                                         1
2020-01-16 13:23:14|   6.5|  0.0|STATS |6>   1161                                                                         1
2020-01-16 13:23:14|   6.5|  0.0|STATS |6>   1162                                                                         1
2020-01-16 13:23:14|   6.5|  0.0|STATS |6>   1163                                                                         1
2020-01-16 13:23:14|   6.5|  0.0|STATS |6>   1164                                                                         1
2020-01-16 13:23:14|   6.5|  0.0|STATS |6>   1165                                                                         1
2020-01-16 13:23:14|   6.5|  0.0|STATS |6>   1166                                                                         1
2020-01-16 13:23:14|   6.5|  0.0|STATS |6>   1167                                                                         1
2020-01-16 13:23:14|   6.5|  0.0|STATS |6>   1168                                                                         1
2020-01-16 13:23:14|   6.5|  0.0|STATS |6>   1169                                                                         1
2020-01-16 13:23:14|   6.5|  0.0|STATS |6>   1170                                                                         1
2020-01-16 13:23:14|   6.5|  0.0|STATS |6>   1171                                                                         1
2020-01-16 13:23:14|   6.5|  0.0|STATS |6>   1172                                                                         1
2020-01-16 13:23:14|   6.5|  0.0|STATS |6>   1173                                                                         1
2020-01-16 13:23:14|   6.5|  0.0|STATS |6>   1174                                                                         1
2020-01-16 13:23:14|   6.5|  0.0|STATS |6>   1175                                                                         1
2020-01-16 13:23:14|   6.5|  0.0|STATS |6>   1176                                                                         1
2020-01-16 13:23:14|   6.5|  0.0|STATS |6>   1177                                                                         1
2020-01-16 13:23:14|   6.5|  0.0|STATS |6>   1178                                                                         1
2020-01-16 13:23:14|   6.5|  0.0|STATS |6>   1179                                                                         1
2020-01-16 13:23:14|   6.5|  0.0|STATS |6>   1180                                                                         1
2020-01-16 13:23:14|   6.5|  0.0|STATS |6>   1181                                                                         1
2020-01-16 13:23:14|   6.5|  0.0|STATS |6>   1182                                                                         1
2020-01-16 13:23:14|   6.5|  0.0|STATS |6>   1183                                                                         1
2020-01-16 13:23:14|   6.5|  0.0|STATS |6>   1184                                                                         1
2020-01-16 13:23:14|   6.5|  0.0|STATS |6>   1185                                                                         1
2020-01-16 13:23:14|   6.5|  0.0|STATS |6>   1186                                                                         1
2020-01-16 13:23:14|   6.5|  0.0|STATS |6>   1187                                                                         1
2020-01-16 13:23:14|   6.5|  0.0|STATS |6>   1188                                                                         1
2020-01-16 13:23:14|   6.5|  0.0|STATS |6>   1189                                                                         1
2020-01-16 13:23:14|   6.5|  0.0|STATS |6>   1190                                                                         1
2020-01-16 13:23:14|   6.5|  0.0|STATS |6>   1191                                                                         1
2020-01-16 13:23:14|   6.5|  0.0|STATS |6>   1192                                                                         1
2020-01-16 13:23:14|   6.5|  0.0|STATS |6>   1193                                                                         1
2020-01-16 13:23:14|   6.5|  0.0|STATS |6>   1194                                                                         1
2020-01-16 13:23:14|   6.5|  0.0|STATS |6>   1195                                                                         1
2020-01-16 13:23:14|   6.5|  0.0|STATS |6>   1196                                                                         1
2020-01-16 13:23:14|   6.5|  0.0|STATS |6>   1197                                                                         1
2020-01-16 13:23:14|   6.5|  0.0|STATS |6>   1198                                                                         1
2020-01-16 13:23:14|   6.5|  0.0|STATS |6>   1199                                                                         1
2020-01-16 13:23:14|   6.5|  0.0|STATS |6>   1200                                                                         1
2020-01-16 13:23:14|   6.5|  0.0|STATS |6>   1201                                                                         1
2020-01-16 13:23:14|   6.5|  0.0|STATS |6>   1202                                                                         1
2020-01-16 13:23:14|   6.5|  0.0|STATS |6>   1203                                                                         1
2020-01-16 13:23:14|   6.5|  0.0|STATS |6>   1204                                                                         1
2020-01-16 13:23:14|   6.5|  0.0|STATS |6>   1205                                                                         1
2020-01-16 13:23:14|   6.5|  0.0|STATS |6>   1206                                                                         1
2020-01-16 13:23:14|   6.5|  0.0|STATS |6>   1207                                                                         1
2020-01-16 13:23:14|   6.5|  0.0|STATS |6>   1208                                                                         1
2020-01-16 13:23:14|   6.5|  0.0|STATS |6>   1209                                                                         1
2020-01-16 13:23:14|   6.5|  0.0|STATS |6>   1210                                                                         1
2020-01-16 13:23:14|   6.5|  0.0|STATS |6>   1211                                                                         1
2020-01-16 13:23:14|   6.5|  0.0|STATS |6>   1212                                                                         1
2020-01-16 13:23:14|   6.5|  0.0|STATS |6>   1213                                                                         1
2020-01-16 13:23:14|   6.5|  0.0|STATS |6>   1214                                                                         1
2020-01-16 13:23:14|   6.5|  0.0|STATS |6>   1215                                                                         1
2020-01-16 13:23:14|   6.5|  0.0|STATS |6>   1216                                                                         1
2020-01-16 13:23:14|   6.5|  0.0|STATS |6>   1217                                                                         1
2020-01-16 13:23:14|   6.5|  0.0|STATS |6>   1218                                                                         1
2020-01-16 13:23:14|   6.5|  0.0|STATS |6>   1219                                                                         1
2020-01-16 13:23:14|   6.5|  0.0|STATS |6>   1220                                                                         1
2020-01-16 13:23:14|   6.5|  0.0|STATS |6>   1221                                                                         1
2020-01-16 13:23:14|   6.5|  0.0|STATS |6>   1222                                                                         1
2020-01-16 13:23:14|   6.5|  0.0|STATS |6>   1223                                                                         1
2020-01-16 13:23:14|   6.5|  0.0|STATS |6>   1224                                                                         1
2020-01-16 13:23:14|   6.5|  0.0|STATS |6>   1225                                                                         1
2020-01-16 13:23:14|   6.5|  0.0|STATS |6>   1226                                                                         1
2020-01-16 13:23:14|   6.5|  0.0|STATS |6>   1227                                                                         1
2020-01-16 13:23:14|   6.5|  0.0|STATS |6>   1228                                                                         1
2020-01-16 13:23:14|   6.5|  0.0|STATS |6>   1229                                                                         1
2020-01-16 13:23:14|   6.5|  0.0|STATS |6>   1230                                                                         1
2020-01-16 13:23:14|   6.5|  0.0|STATS |6>   1231                                                                         1
2020-01-16 13:23:14|   6.5|  0.0|STATS |6>   1232                                                                         1
2020-01-16 13:23:14|   6.5|  0.0|STATS |6>   1233                                                                         1
2020-01-16 13:23:14|   6.5|  0.0|STATS |6>   1234                                                                         1
2020-01-16 13:23:14|   6.5|  0.0|STATS |6>   1235                                                                         1
2020-01-16 13:23:14|   6.5|  0.0|STATS |6>   1236                                                                         1
2020-01-16 13:23:14|   6.5|  0.0|STATS |6>   1237                                                                         1
2020-01-16 13:23:14|   6.5|  0.0|STATS |6>   1238                                                                         1
2020-01-16 13:23:14|   6.5|  0.0|STATS |6>   1239                                                                         1
2020-01-16 13:23:14|   6.5|  0.0|STATS |6>   1240                                                                         1
2020-01-16 13:23:14|   6.5|  0.0|STATS |6>   1241                                                                         1
2020-01-16 13:23:14|   6.5|  0.0|STATS |6>   1242                                                                         1
2020-01-16 13:23:14|   6.5|  0.0|STATS |6>   1243                                                                         1
2020-01-16 13:23:14|   6.5|  0.0|STATS |6>   1244                                                                         1
2020-01-16 13:23:14|   6.5|  0.0|STATS |6>   1245                                                                         1
2020-01-16 13:23:14|   6.5|  0.0|STATS |6>   1246                                                                         1
2020-01-16 13:23:14|   6.5|  0.0|STATS |6>   1247                                                                         1
2020-01-16 13:23:14|   6.5|  0.0|STATS |6>   1248                                                                         1
2020-01-16 13:23:14|   6.5|  0.0|STATS |6>   1249                                                                         1
2020-01-16 13:23:14|   6.5|  0.0|STATS |6>   1250                                                                         1
2020-01-16 13:23:14|   6.5|  0.0|STATS |6>   1251                                                                         1
2020-01-16 13:23:14|   6.5|  0.0|STATS |6>   1252                                                                         1
2020-01-16 13:23:14|   6.5|  0.0|STATS |6>   1253                                                                         1
2020-01-16 13:23:14|   6.5|  0.0|STATS |6>   1254                                                                         1
2020-01-16 13:23:14|   6.5|  0.0|STATS |6>   1255                                                                         1
2020-01-16 13:23:14|   6.5|  0.0|STATS |6>   1256                                                                         1
2020-01-16 13:23:14|   6.5|  0.0|STATS |6>   1257                                                                         1
2020-01-16 13:23:14|   6.5|  0.0|STATS |6>   1258                                                                         1
2020-01-16 13:23:14|   6.5|  0.0|STATS |6>   1259                                                                         1
2020-01-16 13:23:14|   6.5|  0.0|STATS |6>   1260                                                                         1
2020-01-16 13:23:14|   6.5|  0.0|STATS |6>   1261                                                                         1
2020-01-16 13:23:14|   6.5|  0.0|STATS |6>   1262                                                                         1
2020-01-16 13:23:14|   6.5|  0.0|STATS |6>   1263                                                                         1
2020-01-16 13:23:14|   6.5|  0.0|STATS |6>   1264                                                                         1
2020-01-16 13:23:14|   6.5|  0.0|STATS |6>   1265                                                                         1
2020-01-16 13:23:14|   6.5|  0.0|STATS |6>   1266                                                                         1
2020-01-16 13:23:14|   6.5|  0.0|STATS |6>   1267                                                                         1
2020-01-16 13:23:14|   6.5|  0.0|STATS |6>   1268                                                                         1
2020-01-16 13:23:14|   6.5|  0.0|STATS |6>   1269                                                                         1
2020-01-16 13:23:14|   6.5|  0.0|STATS |6>   1270                                                                         1
2020-01-16 13:23:14|   6.5|  0.0|STATS |6>   1271                                                                         1
2020-01-16 13:23:14|   6.5|  0.0|STATS |6>   1272                                                                         1
2020-01-16 13:23:14|   6.5|  0.0|STATS |6>   1273                                                                         1
2020-01-16 13:23:14|   6.5|  0.0|STATS |6>   1274                                                                         1
2020-01-16 13:23:14|   6.5|  0.0|STATS |6>   1275                                                                         1
2020-01-16 13:23:14|   6.5|  0.0|STATS |6>   1276                                                                         1
2020-01-16 13:23:14|   6.5|  0.0|STATS |6>   1277                                                                         1
2020-01-16 13:23:14|   6.5|  0.0|STATS |6>   1278                                                                         1
2020-01-16 13:23:14|   6.5|  0.0|STATS |6>   1279                                                                         1
2020-01-16 13:23:14|   6.5|  0.0|STATS |6>   1280                                                                         1
2020-01-16 13:23:14|   6.5|  0.0|STATS |6>   1281                                                                         1
2020-01-16 13:23:14|   6.5|  0.0|STATS |6>   1282                                                                         1
2020-01-16 13:23:14|   6.5|  0.0|STATS |6>   1283                                                                         1
2020-01-16 13:23:14|   6.5|  0.0|STATS |6>   1284                                                                         1
2020-01-16 13:23:14|   6.5|  0.0|STATS |6>   1285                                                                         1
2020-01-16 13:23:14|   6.5|  0.0|STATS |6>   1286                                                                         1
2020-01-16 13:23:14|   6.5|  0.0|STATS |6>   1287                                                                         1
2020-01-16 13:23:14|   6.5|  0.0|STATS |6>   1288                                                                         1
2020-01-16 13:23:14|   6.5|  0.0|STATS |6>   1289                                                                         1
2020-01-16 13:23:14|   6.5|  0.0|STATS |6>   1290                                                                         1
2020-01-16 13:23:14|   6.5|  0.0|STATS |6>   1291                                                                         1
2020-01-16 13:23:14|   6.5|  0.0|STATS |6>   1292                                                                         1
2020-01-16 13:23:14|   6.5|  0.0|STATS |6>   1293                                                                         1
2020-01-16 13:23:14|   6.5|  0.0|STATS |6>   1294                                                                         1
2020-01-16 13:23:14|   6.5|  0.0|STATS |6>   1295                                                                         1
2020-01-16 13:23:14|   6.5|  0.0|STATS |6>   1296                                                                         1
2020-01-16 13:23:14|   6.5|  0.0|STATS |6>   1297                                                                         1
2020-01-16 13:23:14|   6.5|  0.0|STATS |6>   1298                                                                         1
2020-01-16 13:23:14|   6.5|  0.0|STATS |6>   1299                                                                         1
2020-01-16 13:23:14|   6.5|  0.0|STATS |6>   1300                                                                         1
2020-01-16 13:23:14|   6.5|  0.0|STATS |6>   1301                                                                         1
2020-01-16 13:23:14|   6.5|  0.0|STATS |6>   1302                                                                         1
2020-01-16 13:23:14|   6.5|  0.0|STATS |6>   1303                                                                         1
2020-01-16 13:23:14|   6.5|  0.0|STATS |6>   1304                                                                         1
2020-01-16 13:23:14|   6.5|  0.0|STATS |6>   1305                                                                         1
2020-01-16 13:23:14|   6.5|  0.0|STATS |6>   1306                                                                         1
2020-01-16 13:23:14|   6.5|  0.0|STATS |6>   1307                                                                         1
2020-01-16 13:23:14|   6.5|  0.0|STATS |6>   1308                                                                         1
2020-01-16 13:23:14|   6.5|  0.0|STATS |6>   1309                                                                         1
2020-01-16 13:23:14|   6.5|  0.0|STATS |6>   1310                                                                         1
2020-01-16 13:23:14|   6.5|  0.0|STATS |6>   1311                                                                         1
2020-01-16 13:23:14|   6.5|  0.0|STATS |6>   1312                                                                         1
2020-01-16 13:23:14|   6.5|  0.0|STATS |6>   1313                                                                         1
2020-01-16 13:23:14|   6.5|  0.0|STATS |6>   1314                                                                         1
2020-01-16 13:23:14|   6.5|  0.0|STATS |6>   1315                                                                         1
2020-01-16 13:23:14|   6.5|  0.0|STATS |6>   1316                                                                         1
2020-01-16 13:23:14|   6.5|  0.0|STATS |6>   1317                                                                         1
2020-01-16 13:23:14|   6.5|  0.0|STATS |6>   1318                                                                         1
2020-01-16 13:23:14|   6.5|  0.0|STATS |6>   1319                                                                         1
2020-01-16 13:23:14|   6.5|  0.0|STATS |6>   1320                                                                         1
2020-01-16 13:23:14|   6.5|  0.0|STATS |6>   1321                                                                         1
2020-01-16 13:23:14|   6.5|  0.0|STATS |6>   1322                                                                         1
2020-01-16 13:23:14|   6.5|  0.0|STATS |6>   1323                                                                         1
2020-01-16 13:23:14|   6.5|  0.0|STATS |6>   1324                                                                         1
2020-01-16 13:23:14|   6.5|  0.0|STATS |6>   1325                                                                         1
2020-01-16 13:23:14|   6.5|  0.0|STATS |6>   1326                                                                         1
2020-01-16 13:23:14|   6.5|  0.0|STATS |6>   1327                                                                         1
2020-01-16 13:23:14|   6.5|  0.0|STATS |6>   1328                                                                         1
2020-01-16 13:23:14|   6.5|  0.0|STATS |6>   1329                                                                         1
2020-01-16 13:23:14|   6.5|  0.0|STATS |6>   1330                                                                         1
2020-01-16 13:23:14|   6.5|  0.0|STATS |6>   1331                                                                         1
2020-01-16 13:23:14|   6.5|  0.0|STATS |6>   1332                                                                         1
2020-01-16 13:23:14|   6.5|  0.0|STATS |6>   1333                                                                         1
2020-01-16 13:23:14|   6.5|  0.0|STATS |6>   1334                                                                         1
2020-01-16 13:23:14|   6.5|  0.0|STATS |6>   1335                                                                         1
2020-01-16 13:23:14|   6.5|  0.0|STATS |6>   1336                                                                         1
2020-01-16 13:23:14|   6.5|  0.0|STATS |6>   1337                                                                         1
2020-01-16 13:23:14|   6.5|  0.0|STATS |6>   1338                                                                         1
2020-01-16 13:23:14|   6.5|  0.0|STATS |6>   1339                                                                         1
2020-01-16 13:23:14|   6.5|  0.0|STATS |6>   1340                                                                         1
2020-01-16 13:23:14|   6.5|  0.0|STATS |6>   1341                                                                         1
2020-01-16 13:23:14|   6.5|  0.0|STATS |6>   1342                                                                         1
2020-01-16 13:23:14|   6.5|  0.0|STATS |6>   1343                                                                         1
2020-01-16 13:23:14|   6.5|  0.0|STATS |6>   1344                                                                         1
2020-01-16 13:23:14|   6.5|  0.0|STATS |6>   1345                                                                         1
2020-01-16 13:23:14|   6.5|  0.0|STATS |6>   1346                                                                         1
2020-01-16 13:23:14|   6.5|  0.0|STATS |6>   1347                                                                         1
2020-01-16 13:23:14|   6.5|  0.0|STATS |6>   1348                                                                         1
2020-01-16 13:23:14|   6.5|  0.0|STATS |6>   1349                                                                         1
2020-01-16 13:23:14|   6.5|  0.0|STATS |6>   1350                                                                         1
2020-01-16 13:23:14|   6.5|  0.0|STATS |6>   1351                                                                         1
2020-01-16 13:23:14|   6.5|  0.0|STATS |6>   1352                                                                         1
2020-01-16 13:23:14|   6.5|  0.0|STATS |6>   1353                                                                         1
2020-01-16 13:23:14|   6.5|  0.0|STATS |6>   1354                                                                         1
2020-01-16 13:23:14|   6.5|  0.0|STATS |6>   1355                                                                         1
2020-01-16 13:23:14|   6.5|  0.0|STATS |6>   1356                                                                         1
2020-01-16 13:23:14|   6.5|  0.0|STATS |6>   1357                                                                         1
2020-01-16 13:23:14|   6.5|  0.0|STATS |6>   1358                                                                         1
2020-01-16 13:23:14|   6.5|  0.0|STATS |6>   1359                                                                         1
2020-01-16 13:23:14|   6.5|  0.0|STATS |6>   1360                                                                         1
2020-01-16 13:23:14|   6.5|  0.0|STATS |6>   1361                                                                         1
2020-01-16 13:23:14|   6.5|  0.0|STATS |6>   1362                                                                         1
2020-01-16 13:23:14|   6.5|  0.0|STATS |6>   1363                                                                         1
2020-01-16 13:23:14|   6.5|  0.0|STATS |6>   1364                                                                         1
2020-01-16 13:23:14|   6.5|  0.0|STATS |6>   1365                                                                         1
2020-01-16 13:23:14|   6.5|  0.0|STATS |6>   1366                                                                         1
2020-01-16 13:23:14|   6.5|  0.0|STATS |6>   1367                                                                         1
2020-01-16 13:23:14|   6.5|  0.0|STATS |6>   1368                                                                         1
2020-01-16 13:23:14|   6.5|  0.0|STATS |6>   1369                                                                         1
2020-01-16 13:23:14|   6.5|  0.0|STATS |6>   1370                                                                         1
2020-01-16 13:23:14|   6.5|  0.0|STATS |6>   1371                                                                         1
2020-01-16 13:23:14|   6.5|  0.0|STATS |6>   1372                                                                         1
2020-01-16 13:23:14|   6.5|  0.0|STATS |6>   1373                                                                         1
2020-01-16 13:23:14|   6.5|  0.0|STATS |6>   1374                                                                         1
2020-01-16 13:23:14|   6.5|  0.0|STATS |6>   1375                                                                         1
2020-01-16 13:23:14|   6.5|  0.0|STATS |6>   1376                                                                         1
2020-01-16 13:23:14|   6.5|  0.0|STATS |6>   1377                                                                         1
2020-01-16 13:23:14|   6.5|  0.0|STATS |6>   1378                                                                         1
2020-01-16 13:23:14|   6.5|  0.0|STATS |6>   1379                                                                         1
2020-01-16 13:23:14|   6.5|  0.0|STATS |6>   1380                                                                         1
2020-01-16 13:23:14|   6.5|  0.0|STATS |6>   1381                                                                         1
2020-01-16 13:23:14|   6.5|  0.0|STATS |6>   1382                                                                         1
2020-01-16 13:23:14|   6.5|  0.0|STATS |6>   1383                                                                         1
2020-01-16 13:23:14|   6.5|  0.0|STATS |6>   1384                                                                         1
2020-01-16 13:23:14|   6.5|  0.0|STATS |6>   1385                                                                         1
2020-01-16 13:23:14|   6.5|  0.0|STATS |6>   1386                                                                         1
2020-01-16 13:23:14|   6.5|  0.0|STATS |6>   1387                                                                         1
2020-01-16 13:23:14|   6.5|  0.0|STATS |6>   1388                                                                         1
2020-01-16 13:23:14|   6.5|  0.0|STATS |6>   1389                                                                         1
2020-01-16 13:23:14|   6.5|  0.0|STATS |6>   1390                                                                         1
2020-01-16 13:23:14|   6.5|  0.0|STATS |6>   1391                                                                         1
2020-01-16 13:23:14|   6.5|  0.0|STATS |6>   1392                                                                         1
2020-01-16 13:23:14|   6.5|  0.0|STATS |6>   1393                                                                         1
2020-01-16 13:23:14|   6.5|  0.0|STATS |6>   ==============================================================================
2020-01-16 13:23:14|   6.5|  0.0|STATS |6>   Total Features Written                                                     242
2020-01-16 13:23:14|   6.5|  0.0|STATS |6>   =-=-=-=-=-=-=-=-=-=-=-=-=-=-=-=-=-=-=-=-=-=-=-=-=-=-=-=-=-=-=-=-=-=-=-=-=-=-=-
2020-01-16 13:23:14|   6.5|  0.0|STATS |6>   ConcurrentFeatureWriter_FeatureWriter_2_SUMMARY Feature Counter 0 6 (TeeFactory): Cloned 1 input feature(s) into 1 output feature(s)
2020-01-16 13:23:14|   6.5|  0.0|STATS |6>   ConcurrentFeatureWriter_Output1579178756 Output Collector (TeeFactory): Cloned 1 input feature(s) into 1 output feature(s)
2020-01-16 13:23:14|   6.5|  0.0|INFORM|6>   TransporterSender (TransporterFactory): Sending end of data signal to host 'localhost' on port '50185'
2020-01-16 13:23:14|   6.5|  0.0|INFORM|6>   TransporterSender (TransporterFactory): Successfully sent end of data signal to host 'localhost' on port '50185'
2020-01-16 13:23:14|   6.5|  0.0|INFORM|6>   TransporterSender (TransporterFactory): Shutting down transporter for host 'localhost' on port '50185'
2020-01-16 13:23:14|   6.5|  0.0|INFORM|6>   TransporterSender (TransporterFactory): Successfully shut down transporter for host 'localhost' on port '50185'
2020-01-16 13:23:14|   6.5|  0.0|STATS |6>   TransporterSender (TransporterFactory): Sent 1 features
2020-01-16 13:23:14|   6.5|  0.0|INFORM|6>   Sub-translation was SUCCESSFUL with 0 warning(s) (0 feature(s) output)
2020-01-16 13:23:14|   6.5|  0.0|INFORM|6>   FME Session Duration: 56.7 seconds. (CPU: 4.4s user, 2.0s system)
2020-01-16 13:23:14|   6.5|  0.0|INFORM|6>   END - ProcessID: 7632, peak process memory usage: 101056 kB, current process memory usage: 88032 kB
